[29-01-2021 15:54:10] Optimized file /wp-content/uploads/2021/01/bab-malem-image-400x516.png from 43 KB to 25 KB
[29-01-2021 15:54:11] Optimized file /wp-content/uploads/2021/01/bab-malem-image-1885x1800.png from 158 KB to 88 KB
[29-01-2021 15:54:11] Optimized file /wp-content/uploads/2021/01/bab-malem-image-1280x1346.png from 141 KB to 78 KB
[29-01-2021 15:54:12] Optimized file /wp-content/uploads/2021/01/bab-malem-image-980x1030.png from 103 KB to 58 KB
[29-01-2021 15:54:15] Optimized file /wp-content/uploads/2021/01/bab-malem-image-480x505.png from 45 KB to 26 KB
[29-01-2021 15:54:16] Optimized file /wp-content/uploads/2021/01/bab-malem-image-300x300.png from 26 KB to 15 KB
[29-01-2021 15:54:16] Optimized file /wp-content/uploads/2021/01/bab-malem-image-600x631.png from 59 KB to 33 KB
[29-01-2021 15:54:16] Optimized file /wp-content/uploads/2021/01/bab-malem-image-100x100.png from 6 KB to 4 KB
[29-01-2021 15:54:16] Optimized file /wp-content/uploads/2021/01/bab-malem-image-300x300.png from 15 KB to 15 KB
[29-01-2021 15:54:17] Optimized file /wp-content/uploads/2021/01/bab-malem-image-600x631.png from 33 KB to 33 KB
[29-01-2021 15:54:20] Optimized file /wp-content/uploads/2021/01/bab-malem-image-100x100.png from 4 KB to 4 KB
[29-01-2021 17:05:08] Optimized file /wp-content/uploads/2021/01/gft-logo-text-space3.png from 101 KB to 57 KB
[29-01-2021 17:05:08] Optimized file /wp-content/uploads/2021/01/gft-logo-text-space3-300x155.png from 31 KB to 13 KB
[29-01-2021 17:05:08] Optimized file /wp-content/uploads/2021/01/gft-logo-text-space3-150x150.png from 16 KB to 7 KB
[29-01-2021 17:05:09] Optimized file /wp-content/uploads/2021/01/gft-logo-text-space3-768x396.png from 113 KB to 48 KB
[29-01-2021 17:05:09] Optimized file /wp-content/uploads/2021/01/gft-logo-text-space3-400x250.png from 53 KB to 22 KB
[29-01-2021 17:05:09] Optimized file /wp-content/uploads/2021/01/gft-logo-text-space3-400x284.png from 57 KB to 24 KB
[29-01-2021 17:05:10] Optimized file /wp-content/uploads/2021/01/gft-logo-text-space3-510x382.png from 81 KB to 35 KB
[29-01-2021 17:05:14] Optimized file /wp-content/uploads/2021/01/gft-logo-text-space3-400x500.png from 44 KB to 27 KB
[29-01-2021 17:05:14] Optimized file /wp-content/uploads/2021/01/gft-logo-text-space3-480x248.png from 60 KB to 25 KB[29-01-2021 17:05:14] Optimized file /wp-content/uploads/2021/01/gft-logo-text-space3-300x300.png from 41 KB to 18 KB
[29-01-2021 17:05:15] Optimized file /wp-content/uploads/2021/01/gft-logo-text-space3-600x310.png from 80 KB to 34 KB
[29-01-2021 17:05:15] Optimized file /wp-content/uploads/2021/01/gft-logo-text-space3-100x100.png from 8 KB to 4 KB
[29-01-2021 17:05:15] Optimized file /wp-content/uploads/2021/01/gft-logo-text-space3-300x300.png from 18 KB to 18 KB
[29-01-2021 17:05:15] Optimized file /wp-content/uploads/2021/01/gft-logo-text-space3-600x310.png from 34 KB to 34 KB
[29-01-2021 17:05:16] Optimized file /wp-content/uploads/2021/01/gft-logo-text-space3-100x100.png from 4 KB to 4 KB
[29-01-2021 17:36:37] Optimized file /wp-content/uploads/2021/01/shallow-top-curve.png from 39 KB to 20 KB
[29-01-2021 17:36:37] Optimized file /wp-content/uploads/2021/01/shallow-top-curve-300x61.png from 3 KB to 2 KB
[29-01-2021 17:36:37] Optimized file /wp-content/uploads/2021/01/shallow-top-curve-1024x207.png from 16 KB to 10 KB
[29-01-2021 17:36:37] Optimized file /wp-content/uploads/2021/01/shallow-top-curve-150x150.png from 2 KB to 2 KB
[29-01-2021 17:36:38] Optimized file /wp-content/uploads/2021/01/shallow-top-curve-768x156.png from 11 KB to 7 KB
[29-01-2021 17:36:38] Optimized file /wp-content/uploads/2021/01/shallow-top-curve-1536x311.png from 31 KB to 18 KB
[29-01-2021 17:36:38] Optimized file /wp-content/uploads/2021/01/shallow-top-curve-400x250.png from 6 KB to 4 KB
[29-01-2021 17:36:39] Optimized file /wp-content/uploads/2021/01/shallow-top-curve-1080x405.png from 13 KB to 7 KB
[29-01-2021 17:36:39] Optimized file /wp-content/uploads/2021/01/shallow-top-curve-400x284.png from 7 KB to 5 KB
[29-01-2021 17:36:39] Optimized file /wp-content/uploads/2021/01/shallow-top-curve-510x382.png from 10 KB to 7 KB
[29-01-2021 17:36:39] Optimized file /wp-content/uploads/2021/01/shallow-top-curve-1080x219.png from 18 KB to 11 KB
[29-01-2021 17:36:39] Optimized file /wp-content/uploads/2021/01/shallow-top-curve-400x405.png from 8 KB to 5 KB
[29-01-2021 17:36:40] Optimized file /wp-content/uploads/2021/01/shallow-top-curve-1280x259.png from 23 KB to 14 KB
[29-01-2021 17:36:42] Optimized file /wp-content/uploads/2021/01/shallow-top-curve-980x198.png from 15 KB to 9 KB
[29-01-2021 17:36:42] Optimized file /wp-content/uploads/2021/01/shallow-top-curve-480x97.png from 5 KB to 4 KB
[29-01-2021 17:36:42] Optimized file /wp-content/uploads/2021/01/shallow-top-curve-300x300.png from 6 KB to 5 KB
[29-01-2021 17:36:42] Optimized file /wp-content/uploads/2021/01/shallow-top-curve-600x122.png from 8 KB to 5 KB
[29-01-2021 17:36:42] Optimized file /wp-content/uploads/2021/01/shallow-top-curve-100x100.png from 1 KB to 1 KB
[29-01-2021 17:36:43] Optimized file /wp-content/uploads/2021/01/shallow-top-curve-300x300.png from 5 KB to 4 KB
[29-01-2021 17:36:43] Optimized file /wp-content/uploads/2021/01/shallow-top-curve-600x122.png from 5 KB to 5 KB
[29-01-2021 17:36:43] Optimized file /wp-content/uploads/2021/01/shallow-top-curve-100x100.png from 1 KB to 1 KB
[29-01-2021 17:55:40] Optimized file /wp-content/uploads/2021/01/shallow-top-curve2.png from 42 KB to 21 KB
[29-01-2021 17:55:40] Optimized file /wp-content/uploads/2021/01/shallow-top-curve2-300x99.png from 3 KB to 2 KB
[29-01-2021 17:55:41] Optimized file /wp-content/uploads/2021/01/shallow-top-curve2-1024x339.png from 17 KB to 10 KB
[29-01-2021 17:55:41] Optimized file /wp-content/uploads/2021/01/shallow-top-curve2-150x150.png from 1 KB to 1 KB
[29-01-2021 17:55:42] Optimized file /wp-content/uploads/2021/01/shallow-top-curve2-768x254.png from 12 KB to 7 KB
[29-01-2021 17:55:42] Optimized file /wp-content/uploads/2021/01/shallow-top-curve2-1536x508.png from 33 KB to 20 KB
[29-01-2021 17:55:43] Optimized file /wp-content/uploads/2021/01/shallow-top-curve2-400x250.png from 4 KB to 3 KB
[29-01-2021 17:55:43] Optimized file /wp-content/uploads/2021/01/shallow-top-curve2-1080x662.png from 15 KB to 8 KB
[29-01-2021 17:55:43] Optimized file /wp-content/uploads/2021/01/shallow-top-curve2-400x284.png from 4 KB to 3 KB
[29-01-2021 17:55:43] Optimized file /wp-content/uploads/2021/01/shallow-top-curve2-510x382.png from 6 KB to 4 KB
[29-01-2021 17:55:47] Optimized file /wp-content/uploads/2021/01/shallow-top-curve2-1080x357.png from 19 KB to 11 KB
[29-01-2021 17:55:47] Optimized file /wp-content/uploads/2021/01/shallow-top-curve2-400x516.png from 8 KB to 6 KB
[29-01-2021 17:55:47] Optimized file /wp-content/uploads/2021/01/shallow-top-curve2-1280x423.png from 25 KB to 15 KB
[29-01-2021 17:55:47] Optimized file /wp-content/uploads/2021/01/shallow-top-curve2-980x324.png from 16 KB to 10 KB
[29-01-2021 17:55:48] Optimized file /wp-content/uploads/2021/01/shallow-top-curve2-480x159.png from 6 KB to 4 KB
[29-01-2021 17:55:48] Optimized file /wp-content/uploads/2021/01/shallow-top-curve2-300x300.png from 4 KB to 3 KB
[29-01-2021 17:55:48] Optimized file /wp-content/uploads/2021/01/shallow-top-curve2-600x198.png from 8 KB to 5 KB
[29-01-2021 17:55:48] Optimized file /wp-content/uploads/2021/01/shallow-top-curve2-100x100.png from 1 KB to 1 KB
[29-01-2021 17:55:48] Optimized file /wp-content/uploads/2021/01/shallow-top-curve2-300x300.png from 3 KB to 3 KB
[29-01-2021 17:55:48] Optimized file /wp-content/uploads/2021/01/shallow-top-curve2-600x198.png from 5 KB to 5 KB
[29-01-2021 17:55:50] Optimized file /wp-content/uploads/2021/01/shallow-top-curve2-100x100.png from 1 KB to 1 KB
[14-04-2021 15:00:32] Optimized file /wp-content/uploads/2021/04/gft-logo-text.png from 98 KB to 57 KB
[14-04-2021 15:00:32] Optimized file /wp-content/uploads/2021/04/gft-logo-text-300x89.png from 29 KB to 12 KB
[14-04-2021 15:00:32] Optimized file /wp-content/uploads/2021/04/gft-logo-text-150x150.png from 20 KB to 9 KB
[14-04-2021 15:00:33] Optimized file /wp-content/uploads/2021/04/gft-logo-text-768x228.png from 109 KB to 46 KB
[14-04-2021 15:00:33] Optimized file /wp-content/uploads/2021/04/gft-logo-text-400x250.png from 62 KB to 28 KB
[14-04-2021 15:00:33] Optimized file /wp-content/uploads/2021/04/gft-logo-text-400x284.png from 65 KB to 30 KB
[14-04-2021 15:00:35] Optimized file /wp-content/uploads/2021/04/gft-logo-text-510x293.png from 52 KB to 31 KB
[14-04-2021 15:00:38] Optimized file /wp-content/uploads/2021/04/gft-logo-text-400x293.png from 43 KB to 26 KB
[14-04-2021 15:00:46] Optimized file /wp-content/uploads/2021/04/gft-logo-text-980x291.png from 147 KB to 63 KB
[14-04-2021 15:00:46] Optimized file /wp-content/uploads/2021/04/gft-logo-text-480x142.png from 57 KB to 24 KB
[14-04-2021 15:00:49] Optimized file /wp-content/uploads/2021/04/gft-logo-text-300x293.png from 34 KB to 21 KB
[14-04-2021 15:00:57] Optimized file /wp-content/uploads/2021/04/gft-logo-text-600x178.png from 78 KB to 33 KB
[14-04-2021 15:00:59] Optimized file /wp-content/uploads/2021/04/gft-logo-text-100x100.png from 11 KB to 5 KB
[14-04-2021 15:00:59] Optimized file /wp-content/uploads/2021/04/gft-logo-text-300x293.png from 21 KB to 21 KB
[14-04-2021 15:00:59] Optimized file /wp-content/uploads/2021/04/gft-logo-text-600x178.png from 33 KB to 33 KB
[14-04-2021 15:01:04] Optimized file /wp-content/uploads/2021/04/gft-logo-text-100x100.png from 5 KB to 5 KB
[14-04-2021 15:29:37] Optimized file /wp-content/uploads/2021/04/deep-top-curve.png from 74 KB to 34 KB
[14-04-2021 15:29:37] Optimized file /wp-content/uploads/2021/04/deep-top-curve-300x212.png from 2 KB to 1 KB
[14-04-2021 15:29:37] Optimized file /wp-content/uploads/2021/04/deep-top-curve-1024x724.png from 13 KB to 6 KB
[14-04-2021 15:29:41] Optimized file /wp-content/uploads/2021/04/deep-top-curve-150x150.png from 1 KB to 1 KB
[14-04-2021 15:29:42] Optimized file /wp-content/uploads/2021/04/deep-top-curve-768x543.png from 9 KB to 4 KB
[14-04-2021 15:29:42] Optimized file /wp-content/uploads/2021/04/deep-top-curve-1536x1086.png from 25 KB to 10 KB
[14-04-2021 15:29:43] Optimized file /wp-content/uploads/2021/04/deep-top-curve-2048x1448.png from 39 KB to 16 KB
[14-04-2021 15:29:43] Optimized file /wp-content/uploads/2021/04/deep-top-curve-400x250.png from 3 KB to 1 KB
[14-04-2021 15:29:44] Optimized file /wp-content/uploads/2021/04/deep-top-curve-1080x675.png from 14 KB to 6 KB
[14-04-2021 15:29:44] Optimized file /wp-content/uploads/2021/04/deep-top-curve-400x284.png from 3 KB to 2 KB
[14-04-2021 15:29:44] Optimized file /wp-content/uploads/2021/04/deep-top-curve-510x382.png from 5 KB to 2 KB
[14-04-2021 15:29:47] Optimized file /wp-content/uploads/2021/04/deep-top-curve-1080x764.png from 15 KB to 6 KB
[14-04-2021 15:29:48] Optimized file /wp-content/uploads/2021/04/deep-top-curve-400x516.png from 5 KB to 3 KB
[14-04-2021 15:29:50] Optimized file /wp-content/uploads/2021/04/deep-top-curve-2880x1800.png from 62 KB to 26 KB
[14-04-2021 15:29:50] Optimized file /wp-content/uploads/2021/04/deep-top-curve-1280x905.png from 19 KB to 8 KB
[14-04-2021 15:29:50] Optimized file /wp-content/uploads/2021/04/deep-top-curve-980x693.png from 12 KB to 5 KB
[14-04-2021 15:29:55] Optimized file /wp-content/uploads/2021/04/deep-top-curve-480x339.png from 4 KB to 2 KB
[14-04-2021 15:29:55] Optimized file /wp-content/uploads/2021/04/deep-top-curve-300x300.png from 3 KB to 1 KB
[14-04-2021 15:30:01] Optimized file /wp-content/uploads/2021/04/deep-top-curve-600x424.png from 6 KB to 3 KB
[14-04-2021 15:30:01] Optimized file /wp-content/uploads/2021/04/deep-top-curve-100x100.png from 1001 B to 818 B
[14-04-2021 15:30:01] Optimized file /wp-content/uploads/2021/04/deep-top-curve-300x300.png from 1 KB to 1 KB
[14-04-2021 15:30:02] Optimized file /wp-content/uploads/2021/04/deep-top-curve-600x424.png from 3 KB to 3 KB
[14-04-2021 15:30:03] Optimized file /wp-content/uploads/2021/04/deep-top-curve-100x100.png from 818 B to 818 B
[14-04-2021 15:32:25] Delete original image for : /opt/gft/www/wp-content/uploads/2021/04/deep-top-curve.png
[14-04-2021 15:32:33] Optimized file /wp-content/uploads/2021/04/deep-top-curve.png from 46 KB to 23 KB
[14-04-2021 15:32:33] Optimized file /wp-content/uploads/2021/04/deep-top-curve-300x78.png from 3 KB to 2 KB
[14-04-2021 15:32:33] Optimized file /wp-content/uploads/2021/04/deep-top-curve-1024x265.png from 18 KB to 11 KB
[14-04-2021 15:32:37] Optimized file /wp-content/uploads/2021/04/deep-top-curve-150x150.png from 2 KB to 1 KB
[14-04-2021 15:32:40] Optimized file /wp-content/uploads/2021/04/deep-top-curve-768x199.png from 13 KB to 8 KB
[14-04-2021 15:32:41] Optimized file /wp-content/uploads/2021/04/deep-top-curve-1536x398.png from 36 KB to 21 KB
[14-04-2021 15:32:41] Optimized file /wp-content/uploads/2021/04/deep-top-curve-400x250.png from 5 KB to 4 KB
[14-04-2021 15:32:44] Optimized file /wp-content/uploads/2021/04/deep-top-curve-1080x518.png from 16 KB to 9 KB
[14-04-2021 15:32:47] Optimized file /wp-content/uploads/2021/04/deep-top-curve-400x284.png from 6 KB to 4 KB
[14-04-2021 15:32:47] Optimized file /wp-content/uploads/2021/04/deep-top-curve-510x382.png from 9 KB to 6 KB
[14-04-2021 15:32:48] Optimized file /wp-content/uploads/2021/04/deep-top-curve-1080x280.png from 21 KB to 12 KB
[14-04-2021 15:32:48] Optimized file /wp-content/uploads/2021/04/deep-top-curve-400x516.png from 10 KB to 6 KB
[14-04-2021 15:32:48] Optimized file /wp-content/uploads/2021/04/deep-top-curve-1280x332.png from 27 KB to 16 KB
[14-04-2021 15:32:48] Optimized file /wp-content/uploads/2021/04/deep-top-curve-980x254.png from 17 KB to 10 KB
[14-04-2021 15:32:52] Optimized file /wp-content/uploads/2021/04/deep-top-curve-480x124.png from 6 KB to 4 KB
[14-04-2021 15:32:52] Optimized file /wp-content/uploads/2021/04/deep-top-curve-300x300.png from 6 KB to 4 KB
[14-04-2021 15:32:52] Optimized file /wp-content/uploads/2021/04/deep-top-curve-600x155.png from 9 KB to 6 KB
[14-04-2021 15:32:55] Optimized file /wp-content/uploads/2021/04/deep-top-curve-100x100.png from 1 KB to 1 KB
[14-04-2021 15:33:00] Optimized file /wp-content/uploads/2021/04/deep-top-curve-300x300.png from 4 KB to 4 KB
[14-04-2021 15:33:04] Optimized file /wp-content/uploads/2021/04/deep-top-curve-600x155.png from 6 KB to 6 KB
[14-04-2021 15:33:04] Optimized file /wp-content/uploads/2021/04/deep-top-curve-100x100.png from 1 KB to 1 KB
[14-04-2021 15:39:35] Optimized file /wp-content/uploads/2021/04/deep-top-curve-1.png from 36 KB to 17 KB
[14-04-2021 15:39:35] Optimized file /wp-content/uploads/2021/04/deep-top-curve-1-300x66.png from 3 KB to 2 KB
[14-04-2021 15:39:35] Optimized file /wp-content/uploads/2021/04/deep-top-curve-1-1024x225.png from 17 KB to 10 KB
[14-04-2021 15:39:38] Optimized file /wp-content/uploads/2021/04/deep-top-curve-1-150x150.png from 2 KB to 2 KB
[14-04-2021 15:39:38] Optimized file /wp-content/uploads/2021/04/deep-top-curve-1-768x169.png from 11 KB to 7 KB
[14-04-2021 15:39:41] Optimized file /wp-content/uploads/2021/04/deep-top-curve-1-1536x338.png from 31 KB to 17 KB
[14-04-2021 15:39:41] Optimized file /wp-content/uploads/2021/04/deep-top-curve-1-400x250.png from 5 KB to 4 KB
[14-04-2021 15:39:42] Optimized file /wp-content/uploads/2021/04/deep-top-curve-1-1080x412.png from 13 KB to 7 KB
[14-04-2021 15:39:42] Optimized file /wp-content/uploads/2021/04/deep-top-curve-1-400x284.png from 6 KB to 4 KB
[14-04-2021 15:39:45] Optimized file /wp-content/uploads/2021/04/deep-top-curve-1-510x382.png from 9 KB to 6 KB
[14-04-2021 15:39:49] Optimized file /wp-content/uploads/2021/04/deep-top-curve-1-1080x237.png from 19 KB to 11 KB
[14-04-2021 15:39:52] Optimized file /wp-content/uploads/2021/04/deep-top-curve-1-400x412.png from 8 KB to 4 KB
[14-04-2021 15:39:53] Optimized file /wp-content/uploads/2021/04/deep-top-curve-1-1280x281.png from 24 KB to 13 KB
[14-04-2021 15:39:54] Optimized file /wp-content/uploads/2021/04/deep-top-curve-1-980x215.png from 15 KB to 9 KB
[14-04-2021 15:39:54] Optimized file /wp-content/uploads/2021/04/deep-top-curve-1-480x105.png from 6 KB to 4 KB
[14-04-2021 15:39:54] Optimized file /wp-content/uploads/2021/04/deep-top-curve-1-300x300.png from 6 KB to 4 KB
[14-04-2021 15:39:55] Optimized file /wp-content/uploads/2021/04/deep-top-curve-1-600x132.png from 8 KB to 5 KB
[14-04-2021 15:39:55] Optimized file /wp-content/uploads/2021/04/deep-top-curve-1-100x100.png from 1 KB to 1 KB
[14-04-2021 15:40:05] Cannot establish connection with reSmush.it webservice while optimizing /opt/gft/www/wp-content/uploads/2021/04/deep-top-curve-1-300x300.png (timeout of 10sec.)
[14-04-2021 15:40:05] Optimized file /wp-content/uploads/2021/04/deep-top-curve-1-600x132.png from 5 KB to 5 KB
[14-04-2021 15:40:05] Optimized file /wp-content/uploads/2021/04/deep-top-curve-1-100x100.png from 1 KB to 1 KB
[14-04-2021 15:42:18] Optimized file /wp-content/uploads/2021/04/med-top-curve.png from 35 KB to 17 KB
[14-04-2021 15:42:18] Optimized file /wp-content/uploads/2021/04/med-top-curve-300x64.png from 3 KB to 2 KB
[14-04-2021 15:42:22] Optimized file /wp-content/uploads/2021/04/med-top-curve-1024x218.png from 17 KB to 10 KB
[14-04-2021 15:42:22] Optimized file /wp-content/uploads/2021/04/med-top-curve-150x150.png from 2 KB to 2 KB
[14-04-2021 15:42:22] Optimized file /wp-content/uploads/2021/04/med-top-curve-768x163.png from 11 KB to 7 KB
[14-04-2021 15:42:22] Optimized file /wp-content/uploads/2021/04/med-top-curve-1536x327.png from 30 KB to 17 KB
[14-04-2021 15:42:22] Optimized file /wp-content/uploads/2021/04/med-top-curve-400x250.png from 5 KB to 4 KB
[14-04-2021 15:42:23] Optimized file /wp-content/uploads/2021/04/med-top-curve-1080x399.png from 12 KB to 7 KB
[14-04-2021 15:42:23] Optimized file /wp-content/uploads/2021/04/med-top-curve-400x284.png from 6 KB to 4 KB
[14-04-2021 15:42:23] Optimized file /wp-content/uploads/2021/04/med-top-curve-510x382.png from 9 KB to 6 KB
[14-04-2021 15:42:26] Optimized file /wp-content/uploads/2021/04/med-top-curve-1080x230.png from 18 KB to 10 KB
[14-04-2021 15:42:27] Optimized file /wp-content/uploads/2021/04/med-top-curve-400x399.png from 8 KB to 4 KB
[14-04-2021 15:42:31] Optimized file /wp-content/uploads/2021/04/med-top-curve-1280x272.png from 23 KB to 13 KB
[14-04-2021 15:42:34] Optimized file /wp-content/uploads/2021/04/med-top-curve-980x209.png from 15 KB to 9 KB
[14-04-2021 15:42:35] Optimized file /wp-content/uploads/2021/04/med-top-curve-480x102.png from 6 KB to 4 KB
[14-04-2021 15:42:35] Optimized file /wp-content/uploads/2021/04/med-top-curve-300x300.png from 6 KB to 4 KB
[14-04-2021 15:42:35] Optimized file /wp-content/uploads/2021/04/med-top-curve-600x128.png from 8 KB to 5 KB
[14-04-2021 15:42:36] Optimized file /wp-content/uploads/2021/04/med-top-curve-100x100.png from 1 KB to 1 KB
[14-04-2021 15:42:36] Optimized file /wp-content/uploads/2021/04/med-top-curve-300x300.png from 4 KB to 4 KB
[14-04-2021 15:42:43] Optimized file /wp-content/uploads/2021/04/med-top-curve-600x128.png from 5 KB to 5 KB
[14-04-2021 15:42:43] Optimized file /wp-content/uploads/2021/04/med-top-curve-100x100.png from 1 KB to 1 KB
[14-04-2021 15:45:05] Optimized file /wp-content/uploads/2021/04/med-top-curve-narrow.png from 35 KB to 17 KB
[14-04-2021 15:45:05] Optimized file /wp-content/uploads/2021/04/med-top-curve-narrow-300x62.png from 3 KB to 2 KB
[14-04-2021 15:45:11] Optimized file /wp-content/uploads/2021/04/med-top-curve-narrow-1024x211.png from 16 KB to 9 KB
[14-04-2021 15:45:11] Optimized file /wp-content/uploads/2021/04/med-top-curve-narrow-150x150.png from 2 KB to 2 KB
[14-04-2021 15:45:11] Optimized file /wp-content/uploads/2021/04/med-top-curve-narrow-768x158.png from 11 KB to 6 KB
[14-04-2021 15:45:13] Optimized file /wp-content/uploads/2021/04/med-top-curve-narrow-1536x317.png from 30 KB to 17 KB
[14-04-2021 15:45:13] Optimized file /wp-content/uploads/2021/04/med-top-curve-narrow-400x250.png from 5 KB to 4 KB
[14-04-2021 15:45:13] Optimized file /wp-content/uploads/2021/04/med-top-curve-narrow-1080x395.png from 12 KB to 7 KB
[14-04-2021 15:45:17] Optimized file /wp-content/uploads/2021/04/med-top-curve-narrow-400x284.png from 6 KB to 4 KB
[14-04-2021 15:45:18] Optimized file /wp-content/uploads/2021/04/med-top-curve-narrow-510x382.png from 9 KB to 6 KB
[14-04-2021 15:45:18] Optimized file /wp-content/uploads/2021/04/med-top-curve-narrow-1080x223.png from 17 KB to 10 KB
[14-04-2021 15:45:18] Optimized file /wp-content/uploads/2021/04/med-top-curve-narrow-400x395.png from 8 KB to 4 KB
[14-04-2021 15:45:18] Optimized file /wp-content/uploads/2021/04/med-top-curve-narrow-1280x264.png from 23 KB to 13 KB
[14-04-2021 15:45:23] Optimized file /wp-content/uploads/2021/04/med-top-curve-narrow-980x202.png from 15 KB to 8 KB
[14-04-2021 15:45:23] Optimized file /wp-content/uploads/2021/04/med-top-curve-narrow-480x99.png from 5 KB to 4 KB
[14-04-2021 15:45:23] Optimized file /wp-content/uploads/2021/04/med-top-curve-narrow-300x300.png from 6 KB to 4 KB
[14-04-2021 15:45:27] Optimized file /wp-content/uploads/2021/04/med-top-curve-narrow-600x124.png from 8 KB to 5 KB
[14-04-2021 15:45:27] Optimized file /wp-content/uploads/2021/04/med-top-curve-narrow-100x100.png from 1 KB to 1 KB
[14-04-2021 15:45:29] Optimized file /wp-content/uploads/2021/04/med-top-curve-narrow-300x300.png from 4 KB to 4 KB
[14-04-2021 15:45:29] Optimized file /wp-content/uploads/2021/04/med-top-curve-narrow-600x124.png from 5 KB to 5 KB
[14-04-2021 15:45:29] Optimized file /wp-content/uploads/2021/04/med-top-curve-narrow-100x100.png from 1 KB to 1 KB
[15-04-2021 11:42:59] Optimized file /wp-content/uploads/2021/04/islamic-pattern-smaller.png from 30 KB to 18 KB
[15-04-2021 11:43:00] Optimized file /wp-content/uploads/2021/04/islamic-pattern-smaller-150x150.png from 13 KB to 9 KB
[15-04-2021 11:43:01] Optimized file /wp-content/uploads/2021/04/islamic-pattern-smaller-100x100.png from 7 KB to 5 KB
[15-04-2021 11:43:03] Optimized file /wp-content/uploads/2021/04/islamic-pattern-smaller-100x100.png from 5 KB to 5 KB
[15-04-2021 12:12:11] Optimized file /wp-content/uploads/2021/04/islamic-pattern-dark.png from 26 KB to 15 KB
[15-04-2021 12:12:11] Optimized file /wp-content/uploads/2021/04/islamic-pattern-dark-150x150.png from 14 KB to 7 KB
[15-04-2021 12:12:11] Optimized file /wp-content/uploads/2021/04/islamic-pattern-dark-100x100.png from 7 KB to 4 KB
[15-04-2021 12:12:16] Optimized file /wp-content/uploads/2021/04/islamic-pattern-dark-100x100.png from 4 KB to 4 KB
[15-04-2021 12:33:43] Optimized file /wp-content/uploads/2021/04/top-curve-less-shad.png from 36 KB to 17 KB
[15-04-2021 12:33:43] Optimized file /wp-content/uploads/2021/04/top-curve-less-shad-300x61.png from 3 KB to 2 KB
[15-04-2021 12:33:43] Optimized file /wp-content/uploads/2021/04/top-curve-less-shad-1024x207.png from 15 KB to 9 KB
[15-04-2021 12:33:44] Optimized file /wp-content/uploads/2021/04/top-curve-less-shad-150x150.png from 2 KB to 2 KB
[15-04-2021 12:33:44] Optimized file /wp-content/uploads/2021/04/top-curve-less-shad-768x156.png from 10 KB to 6 KB
[15-04-2021 12:33:45] Optimized file /wp-content/uploads/2021/04/top-curve-less-shad-1536x311.png from 29 KB to 16 KB
[15-04-2021 12:33:45] Optimized file /wp-content/uploads/2021/04/top-curve-less-shad-400x250.png from 5 KB to 4 KB
[15-04-2021 12:33:46] Optimized file /wp-content/uploads/2021/04/top-curve-less-shad-1080x405.png from 12 KB to 6 KB
[15-04-2021 12:33:49] Optimized file /wp-content/uploads/2021/04/top-curve-less-shad-400x284.png from 6 KB to 4 KB
[15-04-2021 12:33:50] Optimized file /wp-content/uploads/2021/04/top-curve-less-shad-510x382.png from 9 KB to 6 KB
[15-04-2021 12:33:50] Optimized file /wp-content/uploads/2021/04/top-curve-less-shad-1080x219.png from 17 KB to 10 KB
[15-04-2021 12:33:50] Optimized file /wp-content/uploads/2021/04/top-curve-less-shad-400x405.png from 8 KB to 4 KB
[15-04-2021 12:33:56] Optimized file /wp-content/uploads/2021/04/top-curve-less-shad-1280x259.png from 22 KB to 12 KB
[15-04-2021 12:33:56] Optimized file /wp-content/uploads/2021/04/top-curve-less-shad-980x198.png from 14 KB to 8 KB
[15-04-2021 12:33:56] Optimized file /wp-content/uploads/2021/04/top-curve-less-shad-480x97.png from 5 KB to 3 KB
[15-04-2021 12:33:56] Optimized file /wp-content/uploads/2021/04/top-curve-less-shad-300x300.png from 6 KB to 4 KB
[15-04-2021 12:33:57] Optimized file /wp-content/uploads/2021/04/top-curve-less-shad-600x122.png from 7 KB to 4 KB
[15-04-2021 12:33:57] Optimized file /wp-content/uploads/2021/04/top-curve-less-shad-100x100.png from 1 KB to 1 KB
[15-04-2021 12:33:58] Optimized file /wp-content/uploads/2021/04/top-curve-less-shad-300x300.png from 4 KB to 4 KB
[15-04-2021 12:34:00] Optimized file /wp-content/uploads/2021/04/top-curve-less-shad-600x122.png from 4 KB to 4 KB
[15-04-2021 12:34:00] Optimized file /wp-content/uploads/2021/04/top-curve-less-shad-100x100.png from 1 KB to 1 KB
[15-04-2021 12:39:56] Delete original image for : /opt/gft/www/wp-content/uploads/2021/04/top-curve-less-shad.png
[15-04-2021 12:40:06] Optimized file /wp-content/uploads/2021/04/top-curve-less-shad.png from 36 KB to 17 KB
[15-04-2021 12:40:07] Optimized file /wp-content/uploads/2021/04/top-curve-less-shad-300x60.png from 3 KB to 2 KB
[15-04-2021 12:40:10] Optimized file /wp-content/uploads/2021/04/top-curve-less-shad-1024x205.png from 15 KB to 9 KB
[15-04-2021 12:40:11] Optimized file /wp-content/uploads/2021/04/top-curve-less-shad-150x150.png from 2 KB to 2 KB
[15-04-2021 12:40:14] Optimized file /wp-content/uploads/2021/04/top-curve-less-shad-768x154.png from 10 KB to 6 KB
[15-04-2021 12:40:15] Optimized file /wp-content/uploads/2021/04/top-curve-less-shad-1536x308.png from 29 KB to 16 KB
[15-04-2021 12:40:19] Optimized file /wp-content/uploads/2021/04/top-curve-less-shad-400x250.png from 5 KB to 4 KB
[15-04-2021 12:40:19] Optimized file /wp-content/uploads/2021/04/top-curve-less-shad-1080x401.png from 12 KB to 6 KB
[15-04-2021 12:40:27] Optimized file /wp-content/uploads/2021/04/top-curve-less-shad-400x284.png from 6 KB to 4 KB
[15-04-2021 12:40:39] Optimized file /wp-content/uploads/2021/04/top-curve-less-shad-510x382.png from 9 KB to 6 KB
[15-04-2021 12:40:39] Optimized file /wp-content/uploads/2021/04/top-curve-less-shad-1080x217.png from 17 KB to 10 KB
[15-04-2021 12:40:39] Optimized file /wp-content/uploads/2021/04/top-curve-less-shad-400x401.png from 8 KB to 4 KB
[15-04-2021 12:40:43] Optimized file /wp-content/uploads/2021/04/top-curve-less-shad-1280x257.png from 22 KB to 12 KB
[15-04-2021 12:40:44] Optimized file /wp-content/uploads/2021/04/top-curve-less-shad-980x196.png from 14 KB to 8 KB
[15-04-2021 12:40:44] Optimized file /wp-content/uploads/2021/04/top-curve-less-shad-480x96.png from 5 KB to 3 KB
[15-04-2021 12:40:45] Optimized file /wp-content/uploads/2021/04/top-curve-less-shad-300x300.png from 6 KB to 4 KB
[15-04-2021 12:40:47] Optimized file /wp-content/uploads/2021/04/top-curve-less-shad-600x120.png from 7 KB to 5 KB
[15-04-2021 12:40:48] Optimized file /wp-content/uploads/2021/04/top-curve-less-shad-100x100.png from 1 KB to 1 KB
[15-04-2021 12:40:48] Optimized file /wp-content/uploads/2021/04/top-curve-less-shad-300x300.png from 4 KB to 4 KB
[15-04-2021 12:40:52] Optimized file /wp-content/uploads/2021/04/top-curve-less-shad-600x120.png from 5 KB to 4 KB
[15-04-2021 12:40:53] Optimized file /wp-content/uploads/2021/04/top-curve-less-shad-100x100.png from 1 KB to 1 KB
[15-04-2021 12:46:54] Delete original image for : /opt/gft/www/wp-content/uploads/2021/04/top-curve-less-shad.png
[15-04-2021 12:47:05] Optimized file /wp-content/uploads/2021/04/top-curve-less-shad.png from 38 KB to 18 KB
[15-04-2021 12:47:05] Optimized file /wp-content/uploads/2021/04/top-curve-less-shad-300x68.png from 3 KB to 2 KB
[15-04-2021 12:47:08] Optimized file /wp-content/uploads/2021/04/top-curve-less-shad-1024x231.png from 16 KB to 9 KB
[15-04-2021 12:47:09] Optimized file /wp-content/uploads/2021/04/top-curve-less-shad-150x150.png from 2 KB to 2 KB
[15-04-2021 12:47:10] Optimized file /wp-content/uploads/2021/04/top-curve-less-shad-768x173.png from 11 KB to 6 KB
[15-04-2021 12:47:18] Optimized file /wp-content/uploads/2021/04/top-curve-less-shad-1536x346.png from 31 KB to 17 KB
[15-04-2021 12:47:18] Optimized file /wp-content/uploads/2021/04/top-curve-less-shad-400x250.png from 5 KB to 3 KB
[15-04-2021 12:47:18] Optimized file /wp-content/uploads/2021/04/top-curve-less-shad-1080x451.png from 13 KB to 7 KB
[15-04-2021 12:47:19] Optimized file /wp-content/uploads/2021/04/top-curve-less-shad-400x284.png from 6 KB to 4 KB
[15-04-2021 12:47:20] Optimized file /wp-content/uploads/2021/04/top-curve-less-shad-510x382.png from 9 KB to 6 KB
[15-04-2021 12:47:20] Optimized file /wp-content/uploads/2021/04/top-curve-less-shad-1080x244.png from 18 KB to 10 KB
[15-04-2021 12:47:20] Optimized file /wp-content/uploads/2021/04/top-curve-less-shad-400x451.png from 8 KB to 4 KB
[15-04-2021 12:47:22] Optimized file /wp-content/uploads/2021/04/top-curve-less-shad-1280x289.png from 23 KB to 13 KB
[15-04-2021 12:47:22] Optimized file /wp-content/uploads/2021/04/top-curve-less-shad-980x221.png from 15 KB to 8 KB
[15-04-2021 12:47:22] Optimized file /wp-content/uploads/2021/04/top-curve-less-shad-480x108.png from 6 KB to 4 KB
[15-04-2021 12:47:22] Optimized file /wp-content/uploads/2021/04/top-curve-less-shad-300x300.png from 6 KB to 4 KB
[15-04-2021 12:47:23] Optimized file /wp-content/uploads/2021/04/top-curve-less-shad-600x135.png from 8 KB to 5 KB
[15-04-2021 12:47:23] Optimized file /wp-content/uploads/2021/04/top-curve-less-shad-100x100.png from 1 KB to 1 KB
[15-04-2021 12:47:26] Optimized file /wp-content/uploads/2021/04/top-curve-less-shad-300x300.png from 4 KB to 4 KB
[15-04-2021 12:47:29] Optimized file /wp-content/uploads/2021/04/top-curve-less-shad-600x135.png from 5 KB to 5 KB
[15-04-2021 12:47:30] Optimized file /wp-content/uploads/2021/04/top-curve-less-shad-100x100.png from 1 KB to 1 KB
[15-04-2021 12:49:34] Delete original image for : /opt/gft/www/wp-content/uploads/2021/04/top-curve-less-shad.png
[15-04-2021 12:49:48] Optimized file /wp-content/uploads/2021/04/top-curve-less-shad.png from 38 KB to 18 KB
[15-04-2021 12:49:58] Cannot establish connection with reSmush.it webservice while optimizing /opt/gft/www/wp-content/uploads/2021/04/top-curve-less-shad-300x67.png (timeout of 10sec.)
[15-04-2021 12:49:59] Optimized file /wp-content/uploads/2021/04/top-curve-less-shad-1024x228.png from 16 KB to 9 KB
[15-04-2021 12:49:59] Optimized file /wp-content/uploads/2021/04/top-curve-less-shad-150x150.png from 2 KB to 2 KB
[15-04-2021 12:50:06] Optimized file /wp-content/uploads/2021/04/top-curve-less-shad-768x171.png from 11 KB to 6 KB
[15-04-2021 12:50:08] Optimized file /wp-content/uploads/2021/04/top-curve-less-shad-1536x342.png from 30 KB to 17 KB
[15-04-2021 12:50:09] Optimized file /wp-content/uploads/2021/04/top-curve-less-shad-400x250.png from 5 KB to 3 KB
[15-04-2021 12:50:12] Optimized file /wp-content/uploads/2021/04/top-curve-less-shad-1080x445.png from 13 KB to 6 KB
[15-04-2021 12:50:16] Optimized file /wp-content/uploads/2021/04/top-curve-less-shad-400x284.png from 6 KB to 4 KB
[15-04-2021 12:50:17] Optimized file /wp-content/uploads/2021/04/top-curve-less-shad-510x382.png from 9 KB to 6 KB
[15-04-2021 12:50:17] Optimized file /wp-content/uploads/2021/04/top-curve-less-shad-1080x240.png from 18 KB to 10 KB
[15-04-2021 12:50:27] Cannot establish connection with reSmush.it webservice while optimizing /opt/gft/www/wp-content/uploads/2021/04/top-curve-less-shad-400x445.png (timeout of 10sec.)
[15-04-2021 12:50:29] Optimized file /wp-content/uploads/2021/04/top-curve-less-shad-1280x285.png from 23 KB to 13 KB
[15-04-2021 12:50:30] Optimized file /wp-content/uploads/2021/04/top-curve-less-shad-980x218.png from 15 KB to 8 KB
[15-04-2021 12:50:30] Optimized file /wp-content/uploads/2021/04/top-curve-less-shad-480x107.png from 6 KB to 4 KB
[15-04-2021 12:50:33] Optimized file /wp-content/uploads/2021/04/top-curve-less-shad-300x300.png from 6 KB to 4 KB
[15-04-2021 12:50:34] Optimized file /wp-content/uploads/2021/04/top-curve-less-shad-600x134.png from 8 KB to 5 KB
[15-04-2021 12:50:34] Optimized file /wp-content/uploads/2021/04/top-curve-less-shad-100x100.png from 1 KB to 1 KB
[15-04-2021 12:50:34] Optimized file /wp-content/uploads/2021/04/top-curve-less-shad-300x300.png from 4 KB to 4 KB
[15-04-2021 12:50:35] Optimized file /wp-content/uploads/2021/04/top-curve-less-shad-600x134.png from 5 KB to 5 KB
[15-04-2021 12:50:38] Optimized file /wp-content/uploads/2021/04/top-curve-less-shad-100x100.png from 1 KB to 1 KB
[15-04-2021 12:58:12] Delete original image for : /opt/gft/www/wp-content/uploads/2021/04/top-curve-less-shad.png
[15-04-2021 12:58:29] Optimized file /wp-content/uploads/2021/04/top-curve-less-shad.png from 37 KB to 18 KB
[15-04-2021 12:58:32] Optimized file /wp-content/uploads/2021/04/top-curve-less-shad-300x62.png from 3 KB to 2 KB
[15-04-2021 12:58:33] Optimized file /wp-content/uploads/2021/04/top-curve-less-shad-1024x213.png from 15 KB to 9 KB
[15-04-2021 12:58:33] Optimized file /wp-content/uploads/2021/04/top-curve-less-shad-150x150.png from 2 KB to 2 KB
[15-04-2021 12:58:36] Optimized file /wp-content/uploads/2021/04/top-curve-less-shad-768x160.png from 11 KB to 6 KB
[15-04-2021 12:58:39] Optimized file /wp-content/uploads/2021/04/top-curve-less-shad-1536x319.png from 29 KB to 16 KB
[15-04-2021 12:58:40] Optimized file /wp-content/uploads/2021/04/top-curve-less-shad-400x250.png from 5 KB to 3 KB
[15-04-2021 12:58:40] Optimized file /wp-content/uploads/2021/04/top-curve-less-shad-1080x416.png from 12 KB to 6 KB
[15-04-2021 12:58:40] Optimized file /wp-content/uploads/2021/04/top-curve-less-shad-400x284.png from 6 KB to 4 KB
[15-04-2021 12:58:40] Optimized file /wp-content/uploads/2021/04/top-curve-less-shad-510x382.png from 9 KB to 6 KB
[15-04-2021 12:58:41] Optimized file /wp-content/uploads/2021/04/top-curve-less-shad-1080x225.png from 17 KB to 10 KB
[15-04-2021 12:58:42] Optimized file /wp-content/uploads/2021/04/top-curve-less-shad-400x416.png from 8 KB to 4 KB
[15-04-2021 12:58:43] Optimized file /wp-content/uploads/2021/04/top-curve-less-shad-1280x266.png from 22 KB to 12 KB
[15-04-2021 12:58:43] Optimized file /wp-content/uploads/2021/04/top-curve-less-shad-980x204.png from 14 KB to 8 KB
[15-04-2021 12:58:44] Optimized file /wp-content/uploads/2021/04/top-curve-less-shad-480x100.png from 5 KB to 3 KB
[15-04-2021 12:58:44] Optimized file /wp-content/uploads/2021/04/top-curve-less-shad-300x300.png from 6 KB to 4 KB
[15-04-2021 12:58:47] Optimized file /wp-content/uploads/2021/04/top-curve-less-shad-600x125.png from 7 KB to 5 KB
[15-04-2021 12:58:48] Optimized file /wp-content/uploads/2021/04/top-curve-less-shad-100x100.png from 1 KB to 1 KB
[15-04-2021 12:58:53] Optimized file /wp-content/uploads/2021/04/top-curve-less-shad-300x300.png from 4 KB to 4 KB
[15-04-2021 12:58:57] Optimized file /wp-content/uploads/2021/04/top-curve-less-shad-600x125.png from 5 KB to 5 KB
[15-04-2021 12:59:00] Optimized file /wp-content/uploads/2021/04/top-curve-less-shad-100x100.png from 1 KB to 1 KB
[15-04-2021 13:51:11] Optimized file /wp-content/uploads/2021/04/islamic-pattern-pale-pink.png from 26 KB to 15 KB
[15-04-2021 13:51:11] Optimized file /wp-content/uploads/2021/04/islamic-pattern-pale-pink-150x150.png from 14 KB to 7 KB
[15-04-2021 13:51:11] Optimized file /wp-content/uploads/2021/04/islamic-pattern-pale-pink-100x100.png from 7 KB to 4 KB
[15-04-2021 13:51:12] Optimized file /wp-content/uploads/2021/04/islamic-pattern-pale-pink-100x100.png from 4 KB to 4 KB
[16-04-2021 12:13:22] Optimized file /wp-content/uploads/2021/04/temp-banner.jpg from 249 KB to 96 KB
[16-04-2021 12:13:22] Optimized file /wp-content/uploads/2021/04/temp-banner-300x86.jpg from 17 KB to 5 KB
[16-04-2021 12:13:22] Optimized file /wp-content/uploads/2021/04/temp-banner-1024x294.jpg from 59 KB to 40 KB
[16-04-2021 12:13:22] Optimized file /wp-content/uploads/2021/04/temp-banner-150x150.jpg from 15 KB to 3 KB
[16-04-2021 12:13:23] Optimized file /wp-content/uploads/2021/04/temp-banner-768x221.jpg from 42 KB to 25 KB
[16-04-2021 12:13:29] Optimized file /wp-content/uploads/2021/04/temp-banner-1536x442.jpg from 96 KB to 71 KB
[16-04-2021 12:13:30] Optimized file /wp-content/uploads/2021/04/temp-banner-400x250.jpg from 25 KB to 12 KB
[16-04-2021 12:13:32] Optimized file /wp-content/uploads/2021/04/temp-banner-1080x574.jpg from 71 KB to 50 KB
[16-04-2021 12:13:33] Optimized file /wp-content/uploads/2021/04/temp-banner-400x284.jpg from 25 KB to 12 KB
[16-04-2021 12:13:41] Optimized file /wp-content/uploads/2021/04/temp-banner-510x382.jpg from 31 KB to 17 KB
[16-04-2021 12:13:42] Optimized file /wp-content/uploads/2021/04/temp-banner-1080x311.jpg from 63 KB to 43 KB
[16-04-2021 12:13:42] Optimized file /wp-content/uploads/2021/04/temp-banner-400x516.jpg from 30 KB to 16 KB
[16-04-2021 12:13:43] Optimized file /wp-content/uploads/2021/04/temp-banner-1280x368.jpg from 77 KB to 54 KB
[16-04-2021 12:13:43] Optimized file /wp-content/uploads/2021/04/temp-banner-980x282.jpg from 56 KB to 37 KB
[16-04-2021 12:13:45] Optimized file /wp-content/uploads/2021/04/temp-banner-480x138.jpg from 26 KB to 12 KB
[16-04-2021 12:13:45] Optimized file /wp-content/uploads/2021/04/temp-banner-300x300.jpg from 22 KB to 10 KB
[16-04-2021 12:13:48] Optimized file /wp-content/uploads/2021/04/temp-banner-600x173.jpg from 32 KB to 17 KB
[16-04-2021 12:13:48] Optimized file /wp-content/uploads/2021/04/temp-banner-100x100.jpg from 13 KB to 2 KB
[16-04-2021 12:13:48] Optimized file /wp-content/uploads/2021/04/temp-banner-300x300.jpg from 10 KB to 10 KB
[16-04-2021 12:13:52] Optimized file /wp-content/uploads/2021/04/temp-banner-600x173.jpg from 17 KB to 17 KB
[16-04-2021 12:13:53] Optimized file /wp-content/uploads/2021/04/temp-banner-100x100.jpg from 2 KB to 2 KB
